  zad1fun.c
D:\ОАиП\laba4\zad1\zad1\zad1fun.c(26,16): warning C4047: функция: "int **" отличается по уровням косвенного обращения от "int [100][100]"
D:\ОАиП\laba4\zad1\zad1\zad1fun.c(26,15): warning C4024: fun_vvod: различные типы для формального и фактического параметров 2
D:\ОАиП\laba4\zad1\zad1\zad1fun.c(30,22): warning C4047: функция: "int **(*)[100]" отличается по уровням косвенного обращения от "int [100][100]"
D:\ОАиП\laba4\zad1\zad1\zad1fun.c(30,21): warning C4024: fun_sluch_vvod: различные типы для формального и фактического параметров 2
D:\ОАиП\laba4\zad1\zad1\zad1fun.c(32,16): warning C4047: функция: "int **(*)[100]" отличается по уровням косвенного обращения от "int [100][100]"
D:\ОАиП\laba4\zad1\zad1\zad1fun.c(32,15): warning C4024: fun_vivod: различные типы для формального и фактического параметров 2
D:\ОАиП\laba4\zad1\zad1\zad1fun.c(33,24): warning C4047: функция: "int **(*)[100]" отличается по уровням косвенного обращения от "int [100][100]"
D:\ОАиП\laba4\zad1\zad1\zad1fun.c(33,23): warning C4024: fun_sum_vtor_diog: различные типы для формального и фактического параметров 2
D:\ОАиП\laba4\zad1\zad1\zad1fun.c(34,24): warning C4047: функция: "int **(*)[100]" отличается по уровням косвенного обращения от "int [100][100]"
D:\ОАиП\laba4\zad1\zad1\zad1fun.c(34,23): warning C4024: fun_sum_glav_diog: различные типы для формального и фактического параметров 2
D:\ОАиП\laba4\zad1\zad1\zad1fun.c(35,22): warning C4047: функция: "int **(*)[100]" отличается по уровням косвенного обращения от "int [100][100]"
D:\ОАиП\laba4\zad1\zad1\zad1fun.c(35,21): warning C4024: fun_sum_stolbca: различные типы для формального и фактического параметров 2
D:\ОАиП\laba4\zad1\zad1\zad1fun.c(36,21): warning C4047: функция: "int **(*)[100]" отличается по уровням косвенного обращения от "int [100][100]"
D:\ОАиП\laba4\zad1\zad1\zad1fun.c(36,20): warning C4024: fun_sum_stroki: различные типы для формального и фактического параметров 2
D:\ОАиП\laba4\zad1\zad1\zad1fun.c(69,29): warning C4028: формальный параметр 2 отличается от объявления
D:\ОАиП\laba4\zad1\zad1\zad1fun.c(76,19): warning C4477: "scanf_s": в строке форматирования "%d" требуется аргумент типа "int *", но вариативный аргумент "1" имеет тип "int ***"
D:\ОАиП\laba4\zad1\zad1\zad1fun.c(87,8): warning C4244: функция: преобразование "time_t" в "unsigned int", возможна потеря данных
D:\ОАиП\laba4\zad1\zad1\zad1fun.c(100,60): warning C4047: =: "int **" отличается по уровням косвенного обращения от "int"
D:\ОАиП\laba4\zad1\zad1\zad1fun.c(111,11): warning C4477: "printf": в строке форматирования "%3d" требуется аргумент типа "int", но вариативный аргумент "1" имеет тип "int **"
D:\ОАиП\laba4\zad1\zad1\zad1fun.c(111,11): warning C4313: printf: конфликт "%d" в строке формата с аргументом 1 типа "int **"
D:\ОАиП\laba4\zad1\zad1\zad1fun.c(126,16): warning C4047: =: "int" отличается по уровням косвенного обращения от "int **"
D:\ОАиП\laba4\zad1\zad1\zad1fun.c(141,16): warning C4047: =: "int" отличается по уровням косвенного обращения от "int **"
D:\ОАиП\laba4\zad1\zad1\zad1fun.c(154,15): warning C4047: =: "int" отличается по уровням косвенного обращения от "int **"
D:\ОАиП\laba4\zad1\zad1\zad1fun.c(171,15): warning C4047: =: "int" отличается по уровням косвенного обращения от "int **"
  LINK : не найден или не выполнена сборка D:\ОАиП\laba4\zad1\zad1\x64\Debug\zad1 fun.exe при последней инкрементной компоновке; выполняется полная компоновка
  zad1 fun.vcxproj -> D:\ОАиП\laba4\zad1\zad1\x64\Debug\zad1 fun.exe
