  zad2fun.c
D:\ОАиП\laba4\zad2\zad2\zad2fun.c(20,19): warning C4047: функция: "int **(*)[100]" отличается по уровням косвенного обращения от "int [100][100]"
D:\ОАиП\laba4\zad2\zad2\zad2fun.c(20,18): warning C4024: fun_vvod: различные типы для формального и фактического параметров 3
D:\ОАиП\laba4\zad2\zad2\zad2fun.c(25,25): warning C4047: функция: "int **(*)[100]" отличается по уровням косвенного обращения от "int [100][100]"
D:\ОАиП\laba4\zad2\zad2\zad2fun.c(25,24): warning C4024: fun_sluch_vvod: различные типы для формального и фактического параметров 3
D:\ОАиП\laba4\zad2\zad2\zad2fun.c(28,19): warning C4047: функция: "int **(*)[100]" отличается по уровням косвенного обращения от "int [100][100]"
D:\ОАиП\laba4\zad2\zad2\zad2fun.c(28,18): warning C4024: fun_vivod: различные типы для формального и фактического параметров 3
D:\ОАиП\laba4\zad2\zad2\zad2fun.c(29,20): warning C4047: функция: "int **(*)[100]" отличается по уровням косвенного обращения от "int [100][100]"
D:\ОАиП\laba4\zad2\zad2\zad2fun.c(29,19): warning C4024: fun_stroki: различные типы для формального и фактического параметров 3
D:\ОАиП\laba4\zad2\zad2\zad2fun.c(32,23): warning C4047: функция: "int **(*)[100]" отличается по уровням косвенного обращения от "int [100][100]"
D:\ОАиП\laba4\zad2\zad2\zad2fun.c(32,22): warning C4024: fun_matr_new: различные типы для формального и фактического параметров 3
D:\ОАиП\laba4\zad2\zad2\zad2fun.c(33,20): warning C4047: функция: "int **(*)[100]" отличается по уровням косвенного обращения от "int [100][100]"
D:\ОАиП\laba4\zad2\zad2\zad2fun.c(33,19): warning C4024: fun_vivod: различные типы для формального и фактического параметров 3
D:\ОАиП\laba4\zad2\zad2\zad2fun.c(78,19): warning C4477: "scanf_s": в строке форматирования "%d" требуется аргумент типа "int *", но вариативный аргумент "1" имеет тип "int ***"
D:\ОАиП\laba4\zad2\zad2\zad2fun.c(89,8): warning C4244: функция: преобразование "time_t" в "unsigned int", возможна потеря данных
D:\ОАиП\laba4\zad2\zad2\zad2fun.c(102,60): warning C4047: =: "int **" отличается по уровням косвенного обращения от "int"
D:\ОАиП\laba4\zad2\zad2\zad2fun.c(114,11): warning C4477: "printf": в строке форматирования "%3d" требуется аргумент типа "int", но вариативный аргумент "1" имеет тип "int **"
D:\ОАиП\laba4\zad2\zad2\zad2fun.c(114,11): warning C4313: printf: конфликт "%d" в строке формата с аргументом 1 типа "int **"
D:\ОАиП\laba4\zad2\zad2\zad2fun.c(119,36): warning C4028: формальный параметр 3 отличается от объявления
D:\ОАиП\laba4\zad2\zad2\zad2fun.c(126,22): warning C4047: =: "int" отличается по уровням косвенного обращения от "int *"
D:\ОАиП\laba4\zad2\zad2\zad2fun.c(148,16): warning C4047: =: "int" отличается по уровням косвенного обращения от "int **"
D:\ОАиП\laba4\zad2\zad2\zad2fun.c(150,16): warning C4047: =: "int **" отличается по уровням косвенного обращения от "int"
  LINK : не найден или не выполнена сборка D:\ОАиП\laba4\zad2\zad2\x64\Debug\zad2 fun.exe при последней инкрементной компоновке; выполняется полная компоновка
  zad2 fun.vcxproj -> D:\ОАиП\laba4\zad2\zad2\x64\Debug\zad2 fun.exe
